[0m00:39:33.264757 [debug] [MainThread]: Sending event: {'category': 'dbt', 'action': 'invocation', 'label': 'start', 'context': [<snowplow_tracker.self_describing_json.SelfDescribingJson object at 0x10600f280>, <snowplow_tracker.self_describing_json.SelfDescribingJson object at 0x107186eb0>, <snowplow_tracker.self_describing_json.SelfDescribingJson object at 0x107186b80>]}


============================== 00:39:33.269450 | 3bcf81ff-271e-45c6-a7c8-034c03792f24 ==============================
[0m00:39:33.269450 [info ] [MainThread]: Running with dbt=1.9.4
[0m00:39:33.269919 [debug] [MainThread]: running dbt with arguments {'printer_width': '80', 'indirect_selection': 'eager', 'write_json': 'True', 'log_cache_events': 'False', 'partial_parse': 'True', 'cache_selected_only': 'False', 'warn_error': 'None', 'fail_fast': 'False', 'version_check': 'True', 'log_path': 'logs', 'profiles_dir': '/Users/adwaithraj/.dbt', 'debug': 'False', 'use_colors': 'True', 'use_experimental_parser': 'False', 'no_print': 'None', 'quiet': 'False', 'empty': 'None', 'log_format': 'default', 'introspect': 'True', 'static_parser': 'True', 'invocation_command': 'dbt init', 'target_path': 'None', 'warn_error_options': 'WarnErrorOptions(include=[], exclude=[])', 'send_anonymous_usage_stats': 'True'}
[0m00:39:33.279114 [warn ] [MainThread]: [ConfigFolderDirectory]: Unable to parse logging event dictionary. Failed to parse dir field: expected string or bytes-like object.. Dictionary: {'dir': PosixPath('/Users/adwaithraj/.dbt')}
[0m00:39:33.279503 [info ] [MainThread]: Creating dbt configuration folder at 
[0m00:40:19.103497 [debug] [MainThread]: Starter project path: /Users/adwaithraj/Documents/Projects/03 Data Analytics/003/genshin-analytics/.venv/lib/python3.9/site-packages/dbt/include/starter_project
[0m00:40:19.122157 [info ] [MainThread]: 
Your new dbt project "genshin_dbt" was created!

For more information on how to configure the profiles.yml file,
please consult the dbt documentation here:

  https://docs.getdbt.com/docs/configure-your-profile

One more thing:

Need help? Don't hesitate to reach out to us via GitHub issues or on Slack:

  https://community.getdbt.com/

Happy modeling!

[0m00:40:19.122749 [info ] [MainThread]: Setting up your profile.
[0m00:53:47.376048 [info ] [MainThread]: Profile genshin_dbt written to /Users/adwaithraj/.dbt/profiles.yml using target's profile_template.yml and your supplied values. Run 'dbt debug' to validate the connection.
[0m00:53:47.388915 [debug] [MainThread]: Resource report: {"command_name": "init", "command_success": true, "command_wall_clock_time": 854.1907, "process_in_blocks": "0", "process_kernel_time": 0.342221, "process_mem_max_rss": "174178304", "process_out_blocks": "0", "process_user_time": 1.592093}
[0m00:53:47.390106 [debug] [MainThread]: Command `dbt init` succeeded at 00:53:47.389876 after 854.19 seconds
[0m00:53:47.391168 [debug] [MainThread]: Sending event: {'category': 'dbt', 'action': 'invocation', 'label': 'end', 'context': [<snowplow_tracker.self_describing_json.SelfDescribingJson object at 0x10600f280>, <snowplow_tracker.self_describing_json.SelfDescribingJson object at 0x1071d5c40>, <snowplow_tracker.self_describing_json.SelfDescribingJson object at 0x10717f190>]}
[0m00:53:47.391962 [debug] [MainThread]: Flushing usage events
[0m00:53:47.637430 [debug] [MainThread]: An error was encountered while trying to flush usage events
[0m00:54:39.023178 [debug] [MainThread]: Sending event: {'category': 'dbt', 'action': 'invocation', 'label': 'start', 'context': [<snowplow_tracker.self_describing_json.SelfDescribingJson object at 0x103d12250>, <snowplow_tracker.self_describing_json.SelfDescribingJson object at 0x104b79f10>, <snowplow_tracker.self_describing_json.SelfDescribingJson object at 0x104b79be0>]}


============================== 00:54:39.027873 | 31275fd8-50e6-4cc9-b3a7-02bcfc4092d9 ==============================
[0m00:54:39.027873 [info ] [MainThread]: Running with dbt=1.9.4
[0m00:54:39.028331 [debug] [MainThread]: running dbt with arguments {'printer_width': '80', 'indirect_selection': 'eager', 'write_json': 'True', 'log_cache_events': 'False', 'partial_parse': 'True', 'cache_selected_only': 'False', 'profiles_dir': '/Users/adwaithraj/.dbt', 'fail_fast': 'False', 'warn_error': 'None', 'log_path': 'logs', 'version_check': 'True', 'debug': 'False', 'use_colors': 'True', 'use_experimental_parser': 'False', 'no_print': 'None', 'quiet': 'False', 'empty': 'None', 'log_format': 'default', 'introspect': 'True', 'invocation_command': 'dbt debug', 'warn_error_options': 'WarnErrorOptions(include=[], exclude=[])', 'target_path': 'None', 'static_parser': 'True', 'send_anonymous_usage_stats': 'True'}
[0m00:54:39.039555 [info ] [MainThread]: dbt version: 1.9.4
[0m00:54:39.039940 [info ] [MainThread]: python version: 3.9.6
[0m00:54:39.040202 [info ] [MainThread]: python path: /Users/adwaithraj/Documents/Projects/03 Data Analytics/003/genshin-analytics/.venv/bin/python3
[0m00:54:39.040454 [info ] [MainThread]: os info: macOS-15.3.2-arm64-arm-64bit
[0m00:54:41.217805 [info ] [MainThread]: Using profiles dir at /Users/adwaithraj/.dbt
[0m00:54:41.218255 [info ] [MainThread]: Using profiles.yml file at /Users/adwaithraj/.dbt/profiles.yml
[0m00:54:41.218521 [info ] [MainThread]: Using dbt_project.yml file at /Users/adwaithraj/Documents/Projects/03 Data Analytics/003/genshin-analytics/dbt_project.yml
[0m00:54:41.218785 [info ] [MainThread]: adapter type: bigquery
[0m00:54:41.219025 [info ] [MainThread]: adapter version: 1.9.1
[0m00:54:41.219270 [info ] [MainThread]: Configuration:
[0m00:54:41.219504 [info ] [MainThread]:   profiles.yml file [[32mOK found and valid[0m]
[0m00:54:41.219736 [info ] [MainThread]:   dbt_project.yml file [[31mERROR not found[0m]
[0m00:54:41.219966 [info ] [MainThread]: Required dependencies:
[0m00:54:41.220258 [debug] [MainThread]: Executing "git --help"
[0m00:54:41.260528 [debug] [MainThread]: STDOUT: "b"usage: git [-v | --version] [-h | --help] [-C <path>] [-c <name>=<value>]\n           [--exec-path[=<path>]] [--html-path] [--man-path] [--info-path]\n           [-p | --paginate | -P | --no-pager] [--no-replace-objects] [--bare]\n           [--git-dir=<path>] [--work-tree=<path>] [--namespace=<name>]\n           [--super-prefix=<path>] [--config-env=<name>=<envvar>]\n           <command> [<args>]\n\nThese are common Git commands used in various situations:\n\nstart a working area (see also: git help tutorial)\n   clone     Clone a repository into a new directory\n   init      Create an empty Git repository or reinitialize an existing one\n\nwork on the current change (see also: git help everyday)\n   add       Add file contents to the index\n   mv        Move or rename a file, a directory, or a symlink\n   restore   Restore working tree files\n   rm        Remove files from the working tree and from the index\n\nexamine the history and state (see also: git help revisions)\n   bisect    Use binary search to find the commit that introduced a bug\n   diff      Show changes between commits, commit and working tree, etc\n   grep      Print lines matching a pattern\n   log       Show commit logs\n   show      Show various types of objects\n   status    Show the working tree status\n\ngrow, mark and tweak your common history\n   branch    List, create, or delete branches\n   commit    Record changes to the repository\n   merge     Join two or more development histories together\n   rebase    Reapply commits on top of another base tip\n   reset     Reset current HEAD to the specified state\n   switch    Switch branches\n   tag       Create, list, delete or verify a tag object signed with GPG\n\ncollaborate (see also: git help workflows)\n   fetch     Download objects and refs from another repository\n   pull      Fetch from and integrate with another repository or a local branch\n   push      Update remote refs along with associated objects\n\n'git help -a' and 'git help -g' list available subcommands and some\nconcept guides. See 'git help <command>' or 'git help <concept>'\nto read about a specific subcommand or concept.\nSee 'git help git' for an overview of the system.\n""
[0m00:54:41.261416 [debug] [MainThread]: STDERR: "b''"
[0m00:54:41.261731 [info ] [MainThread]:  - git [[32mOK found[0m]

[0m00:54:41.262013 [info ] [MainThread]: Connection:
[0m00:54:41.262375 [info ] [MainThread]:   method: service-account
[0m00:54:41.262615 [info ] [MainThread]:   database: genshin-analytics
[0m00:54:41.262840 [info ] [MainThread]:   execution_project: genshin-analytics
[0m00:54:41.263065 [info ] [MainThread]:   schema: genshin_dataset
[0m00:54:41.263287 [info ] [MainThread]:   location: US
[0m00:54:41.263509 [info ] [MainThread]:   priority: interactive
[0m00:54:41.263730 [info ] [MainThread]:   maximum_bytes_billed: None
[0m00:54:41.263951 [info ] [MainThread]:   impersonate_service_account: None
[0m00:54:41.264173 [info ] [MainThread]:   job_retry_deadline_seconds: None
[0m00:54:41.264394 [info ] [MainThread]:   job_retries: 1
[0m00:54:41.264621 [info ] [MainThread]:   job_creation_timeout_seconds: None
[0m00:54:41.264841 [info ] [MainThread]:   job_execution_timeout_seconds: 300
[0m00:54:41.265058 [info ] [MainThread]:   timeout_seconds: 300
[0m00:54:41.265278 [info ] [MainThread]:   client_id: None
[0m00:54:41.265498 [info ] [MainThread]:   token_uri: None
[0m00:54:41.265717 [info ] [MainThread]:   dataproc_region: None
[0m00:54:41.265937 [info ] [MainThread]:   dataproc_cluster_name: None
[0m00:54:41.266156 [info ] [MainThread]:   gcs_bucket: None
[0m00:54:41.266375 [info ] [MainThread]:   dataproc_batch: None
[0m00:54:41.266918 [info ] [MainThread]: Registered adapter: bigquery=1.9.1
[0m00:54:41.452263 [debug] [MainThread]: Acquiring new bigquery connection 'debug'
[0m00:54:41.452814 [debug] [MainThread]: On debug: select 1 as id
[0m00:54:41.453146 [debug] [MainThread]: Opening a new connection, currently in state init
[0m00:54:43.194738 [debug] [MainThread]: BigQuery adapter: https://console.cloud.google.com/bigquery?project=genshin-analytics&j=bq:US:3a8cd371-8d22-42d0-9cfe-1f5e5173d434&page=queryresults
[0m00:54:43.628709 [info ] [MainThread]:   Connection test: [[32mOK connection ok[0m]

[0m00:54:43.630129 [info ] [MainThread]: [31m1 check failed:[0m
[0m00:54:43.630740 [info ] [MainThread]: Project loading failed for the following reason:
 project path </Users/adwaithraj/Documents/Projects/03 Data Analytics/003/genshin-analytics/dbt_project.yml> not found

[0m00:54:43.635275 [debug] [MainThread]: Resource report: {"command_name": "debug", "command_success": false, "command_wall_clock_time": 4.6708803, "process_in_blocks": "0", "process_kernel_time": 0.357022, "process_mem_max_rss": "188497920", "process_out_blocks": "0", "process_user_time": 1.814759}
[0m00:54:43.636224 [debug] [MainThread]: Command `dbt debug` failed at 00:54:43.636030 after 4.67 seconds
[0m00:54:43.636858 [debug] [MainThread]: Connection 'debug' was properly closed.
[0m00:54:43.637489 [debug] [MainThread]: Sending event: {'category': 'dbt', 'action': 'invocation', 'label': 'end', 'context': [<snowplow_tracker.self_describing_json.SelfDescribingJson object at 0x103d12250>, <snowplow_tracker.self_describing_json.SelfDescribingJson object at 0x10abaabb0>, <snowplow_tracker.self_describing_json.SelfDescribingJson object at 0x10abaa940>]}
[0m00:54:43.638235 [debug] [MainThread]: Flushing usage events
[0m00:54:43.811861 [debug] [MainThread]: An error was encountered while trying to flush usage events
[0m03:51:54.928413 [debug] [MainThread]: Sending event: {'category': 'dbt', 'action': 'invocation', 'label': 'start', 'context': [<snowplow_tracker.self_describing_json.SelfDescribingJson object at 0x10775f2e0>, <snowplow_tracker.self_describing_json.SelfDescribingJson object at 0x1085c6f10>, <snowplow_tracker.self_describing_json.SelfDescribingJson object at 0x1085c6be0>]}


============================== 03:51:54.933426 | 7bbaca08-e98a-4d92-bc57-26088e258cd1 ==============================
[0m03:51:54.933426 [info ] [MainThread]: Running with dbt=1.9.4
[0m03:51:54.933938 [debug] [MainThread]: running dbt with arguments {'printer_width': '80', 'indirect_selection': 'eager', 'log_cache_events': 'False', 'write_json': 'True', 'partial_parse': 'True', 'cache_selected_only': 'False', 'profiles_dir': '/Users/adwaithraj/.dbt', 'debug': 'False', 'version_check': 'True', 'log_path': 'logs', 'fail_fast': 'False', 'warn_error': 'None', 'use_colors': 'True', 'use_experimental_parser': 'False', 'empty': 'False', 'quiet': 'False', 'no_print': 'None', 'log_format': 'default', 'static_parser': 'True', 'warn_error_options': 'WarnErrorOptions(include=[], exclude=[])', 'introspect': 'True', 'target_path': 'None', 'invocation_command': 'dbt run --select stg_character_revenue', 'send_anonymous_usage_stats': 'True'}
[0m03:51:54.934422 [error] [MainThread]: Encountered an error:
Runtime Error
  No dbt_project.yml found at expected path /Users/adwaithraj/Documents/Projects/03 Data Analytics/003/genshin-analytics/dbt_project.yml
  Verify that each entry within packages.yml (and their transitive dependencies) contains a file named dbt_project.yml
  
[0m03:51:54.935708 [debug] [MainThread]: Resource report: {"command_name": "run", "command_success": false, "command_wall_clock_time": 0.0631105, "process_in_blocks": "0", "process_kernel_time": 0.121619, "process_mem_max_rss": "91258880", "process_out_blocks": "0", "process_user_time": 1.049504}
[0m03:51:54.936074 [debug] [MainThread]: Command `dbt run` failed at 03:51:54.936000 after 0.06 seconds
[0m03:51:54.936382 [debug] [MainThread]: Sending event: {'category': 'dbt', 'action': 'invocation', 'label': 'end', 'context': [<snowplow_tracker.self_describing_json.SelfDescribingJson object at 0x10775f2e0>, <snowplow_tracker.self_describing_json.SelfDescribingJson object at 0x1085b4cd0>, <snowplow_tracker.self_describing_json.SelfDescribingJson object at 0x1085b4580>]}
[0m03:51:54.936694 [debug] [MainThread]: Flushing usage events
[0m03:51:55.122201 [debug] [MainThread]: An error was encountered while trying to flush usage events
